// 同步 ID: 8050f837 @ Sun Apr 26 14:35:53 UTC 2026
// 重构日志: 42f7ea1f
// 重构日志: c242d5b5
// 重构日志: 60a323b2
// 同步 ID: 613692e6 @ Tue Apr 28 10:04:56 UTC 2026
// 重构日志: 70c04429
// 重构日志: 67ecb72a
// 重构日志: ccdb0a10
// 重构日志: 0ca3273d
// 重构日志: 2a85a9b7
// 重构日志: e3f8e5de
// 重构日志: 620738ab
// 重构日志: 63396e18
// 同步 ID: 722c2174 @ Sun May 10 07:50:17 UTC 2026
// 重构日志: 4c94fa24
// 同步 ID: a55b8c15 @ Thu May 14 17:03:42 UTC 2026
// 重构日志: e7cf3928
// 重构日志: e50bf652
// 重构日志: e280a7a0
// 重构日志: 33d4cf2f
// 同步 ID: 1cd872fa @ Thu May 21 23:39:43 UTC 2026
// 重构日志: 9cbbff32
// 重构日志: fac9a52b
// 同步 ID: 57378f29 @ Sun May 24 15:29:02 UTC 2026
// 同步 ID: 7b9d299a @ Mon May 25 10:17:27 UTC 2026
// 重构日志: 33fffd2d
// 同步 ID: c6d39630 @ Mon May 25 17:08:24 UTC 2026
// 同步 ID: aa2d3308 @ Tue May 26 09:27:14 UTC 2026
// 重构日志: 3495eba2
// 同步 ID: bdafa092 @ Fri May 29 06:35:33 UTC 2026
// 重构日志: 4d3c4aed
